\BOOKMARK [0][-]{chapter.1}{\376\377\0001\000\040\000N\000a\000m\000e\000s\000p\000a\000c\000e\000\040\000I\000n\000d\000e\000x}{}% 1
\BOOKMARK [1][-]{section.1.1}{\376\377\0001\000.\0001\000\040\000N\000a\000m\000e\000s\000p\000a\000c\000e\000\040\000L\000i\000s\000t}{chapter.1}% 2
\BOOKMARK [0][-]{chapter.2}{\376\377\0002\000\040\000H\000i\000e\000r\000a\000r\000c\000h\000i\000c\000a\000l\000\040\000I\000n\000d\000e\000x}{}% 3
\BOOKMARK [1][-]{section.2.1}{\376\377\0002\000.\0001\000\040\000C\000l\000a\000s\000s\000\040\000H\000i\000e\000r\000a\000r\000c\000h\000y}{chapter.2}% 4
\BOOKMARK [0][-]{chapter.3}{\376\377\0003\000\040\000C\000l\000a\000s\000s\000\040\000I\000n\000d\000e\000x}{}% 5
\BOOKMARK [1][-]{section.3.1}{\376\377\0003\000.\0001\000\040\000C\000l\000a\000s\000s\000\040\000L\000i\000s\000t}{chapter.3}% 6
\BOOKMARK [0][-]{chapter.4}{\376\377\0004\000\040\000F\000i\000l\000e\000\040\000I\000n\000d\000e\000x}{}% 7
\BOOKMARK [1][-]{section.4.1}{\376\377\0004\000.\0001\000\040\000F\000i\000l\000e\000\040\000L\000i\000s\000t}{chapter.4}% 8
\BOOKMARK [0][-]{chapter.5}{\376\377\0005\000\040\000N\000a\000m\000e\000s\000p\000a\000c\000e\000\040\000D\000o\000c\000u\000m\000e\000n\000t\000a\000t\000i\000o\000n}{}% 9
\BOOKMARK [1][-]{section.5.1}{\376\377\0005\000.\0001\000\040\000c\000o\000n\000s\000t\000a\000n\000t\000s\000\040\000N\000a\000m\000e\000s\000p\000a\000c\000e\000\040\000R\000e\000f\000e\000r\000e\000n\000c\000e}{chapter.5}% 10
\BOOKMARK [2][-]{subsection.5.1.1}{\376\377\0005\000.\0001\000.\0001\000\040\000V\000a\000r\000i\000a\000b\000l\000e\000\040\000D\000o\000c\000u\000m\000e\000n\000t\000a\000t\000i\000o\000n}{section.5.1}% 11
\BOOKMARK [3][-]{subsubsection.5.1.1.1}{\376\377\0005\000.\0001\000.\0001\000.\0001\000\040\000m\000a\000x\000\137\000d\000e\000v}{subsection.5.1.1}% 12
\BOOKMARK [3][-]{subsubsection.5.1.1.2}{\376\377\0005\000.\0001\000.\0001\000.\0002\000\040\000n\000u\000m\000\137\000g\000e\000n}{subsection.5.1.1}% 13
\BOOKMARK [0][-]{chapter.6}{\376\377\0006\000\040\000C\000l\000a\000s\000s\000\040\000D\000o\000c\000u\000m\000e\000n\000t\000a\000t\000i\000o\000n}{}% 14
\BOOKMARK [1][-]{section.6.1}{\376\377\0006\000.\0001\000\040\000A\000e\000s\000t\000i\000v\000a\000t\000i\000o\000n\000\040\000C\000l\000a\000s\000s\000\040\000R\000e\000f\000e\000r\000e\000n\000c\000e}{chapter.6}% 15
\BOOKMARK [2][-]{subsection.6.1.1}{\376\377\0006\000.\0001\000.\0001\000\040\000C\000o\000n\000s\000t\000r\000u\000c\000t\000o\000r\000\040\000\046\000\040\000D\000e\000s\000t\000r\000u\000c\000t\000o\000r\000\040\000D\000o\000c\000u\000m\000e\000n\000t\000a\000t\000i\000o\000n}{section.6.1}% 16
\BOOKMARK [3][-]{subsubsection.6.1.1.1}{\376\377\0006\000.\0001\000.\0001\000.\0001\000\040\000A\000e\000s\000t\000i\000v\000a\000t\000i\000o\000n\000\050\000\051}{subsection.6.1.1}% 17
\BOOKMARK [2][-]{subsection.6.1.2}{\376\377\0006\000.\0001\000.\0002\000\040\000M\000e\000m\000b\000e\000r\000\040\000F\000u\000n\000c\000t\000i\000o\000n\000\040\000D\000o\000c\000u\000m\000e\000n\000t\000a\000t\000i\000o\000n}{section.6.1}% 18
\BOOKMARK [3][-]{subsubsection.6.1.2.1}{\376\377\0006\000.\0001\000.\0002\000.\0001\000\040\000h\000i\000d\000e\000\050\000\051}{subsection.6.1.2}% 19
\BOOKMARK [3][-]{subsubsection.6.1.2.2}{\376\377\0006\000.\0001\000.\0002\000.\0002\000\040\000i\000s\000\137\000h\000i\000d\000e\000\137\000t\000i\000m\000e\000\050\000\051}{subsection.6.1.2}% 20
\BOOKMARK [3][-]{subsubsection.6.1.2.3}{\376\377\0006\000.\0001\000.\0002\000.\0003\000\040\000i\000s\000\137\000w\000a\000k\000e\000\137\000t\000i\000m\000e\000\050\000\051}{subsection.6.1.2}% 21
\BOOKMARK [3][-]{subsubsection.6.1.2.4}{\376\377\0006\000.\0001\000.\0002\000.\0004\000\040\000w\000a\000k\000e\000\050\000\051}{subsection.6.1.2}% 22
\BOOKMARK [2][-]{subsection.6.1.3}{\376\377\0006\000.\0001\000.\0003\000\040\000M\000e\000m\000b\000e\000r\000\040\000D\000a\000t\000a\000\040\000D\000o\000c\000u\000m\000e\000n\000t\000a\000t\000i\000o\000n}{section.6.1}% 23
\BOOKMARK [3][-]{subsubsection.6.1.3.1}{\376\377\0006\000.\0001\000.\0003\000.\0001\000\040\000a\000e\000s\000\137\000F}{subsection.6.1.3}% 24
\BOOKMARK [3][-]{subsubsection.6.1.3.2}{\376\377\0006\000.\0001\000.\0003\000.\0002\000\040\000m\000u\000\137\000a\000e\000s}{subsection.6.1.3}% 25
\BOOKMARK [3][-]{subsubsection.6.1.3.3}{\376\377\0006\000.\0001\000.\0003\000.\0003\000\040\000p\000s\000i}{subsection.6.1.3}% 26
\BOOKMARK [3][-]{subsubsection.6.1.3.4}{\376\377\0006\000.\0001\000.\0003\000.\0004\000\040\000t\000\137\000h\000i\000d\000e\0001}{subsection.6.1.3}% 27
\BOOKMARK [3][-]{subsubsection.6.1.3.5}{\376\377\0006\000.\0001\000.\0003\000.\0005\000\040\000t\000\137\000h\000i\000d\000e\0002}{subsection.6.1.3}% 28
\BOOKMARK [3][-]{subsubsection.6.1.3.6}{\376\377\0006\000.\0001\000.\0003\000.\0006\000\040\000t\000\137\000w\000a\000k\000e\0001}{subsection.6.1.3}% 29
\BOOKMARK [3][-]{subsubsection.6.1.3.7}{\376\377\0006\000.\0001\000.\0003\000.\0007\000\040\000t\000\137\000w\000a\000k\000e\0002}{subsection.6.1.3}% 30
\BOOKMARK [1][-]{section.6.2}{\376\377\0006\000.\0002\000\040\000A\000e\000s\000t\000i\000v\000a\000t\000i\000o\000n\000P\000a\000r\000a\000m\000s\000\040\000S\000t\000r\000u\000c\000t\000\040\000R\000e\000f\000e\000r\000e\000n\000c\000e}{chapter.6}% 31
\BOOKMARK [2][-]{subsection.6.2.1}{\376\377\0006\000.\0002\000.\0001\000\040\000M\000e\000m\000b\000e\000r\000\040\000D\000a\000t\000a\000\040\000D\000o\000c\000u\000m\000e\000n\000t\000a\000t\000i\000o\000n}{section.6.2}% 32
\BOOKMARK [3][-]{subsubsection.6.2.1.1}{\376\377\0006\000.\0002\000.\0001\000.\0001\000\040\000m\000u\000\137\000a\000e\000s}{subsection.6.2.1}% 33
\BOOKMARK [3][-]{subsubsection.6.2.1.2}{\376\377\0006\000.\0002\000.\0001\000.\0002\000\040\000p\000s\000i}{subsection.6.2.1}% 34
\BOOKMARK [3][-]{subsubsection.6.2.1.3}{\376\377\0006\000.\0002\000.\0001\000.\0003\000\040\000t\000\137\000h\000i\000d\000e\0001}{subsection.6.2.1}% 35
\BOOKMARK [3][-]{subsubsection.6.2.1.4}{\376\377\0006\000.\0002\000.\0001\000.\0004\000\040\000t\000\137\000h\000i\000d\000e\0002}{subsection.6.2.1}% 36
\BOOKMARK [3][-]{subsubsection.6.2.1.5}{\376\377\0006\000.\0002\000.\0001\000.\0005\000\040\000t\000\137\000w\000a\000k\000e\0001}{subsection.6.2.1}% 37
\BOOKMARK [3][-]{subsubsection.6.2.1.6}{\376\377\0006\000.\0002\000.\0001\000.\0006\000\040\000t\000\137\000w\000a\000k\000e\0002}{subsection.6.2.1}% 38
\BOOKMARK [1][-]{section.6.3}{\376\377\0006\000.\0003\000\040\000A\000r\000e\000a\000P\000a\000r\000a\000m\000s\000\040\000S\000t\000r\000u\000c\000t\000\040\000R\000e\000f\000e\000r\000e\000n\000c\000e}{chapter.6}% 39
\BOOKMARK [2][-]{subsection.6.3.1}{\376\377\0006\000.\0003\000.\0001\000\040\000M\000e\000m\000b\000e\000r\000\040\000D\000a\000t\000a\000\040\000D\000o\000c\000u\000m\000e\000n\000t\000a\000t\000i\000o\000n}{section.6.3}% 40
\BOOKMARK [3][-]{subsubsection.6.3.1.1}{\376\377\0006\000.\0003\000.\0001\000.\0001\000\040\000n\000u\000m\000\137\000p\000a\000t}{subsection.6.3.1}% 41
\BOOKMARK [3][-]{subsubsection.6.3.1.2}{\376\377\0006\000.\0003\000.\0001\000.\0002\000\040\000s\000i\000d\000e}{subsection.6.3.1}% 42
\BOOKMARK [1][-]{section.6.4}{\376\377\0006\000.\0004\000\040\000B\000o\000u\000n\000d\000a\000r\000y\000S\000t\000r\000a\000t\000e\000g\000y\000\040\000C\000l\000a\000s\000s\000\040\000R\000e\000f\000e\000r\000e\000n\000c\000e}{chapter.6}% 43
\BOOKMARK [2][-]{subsection.6.4.1}{\376\377\0006\000.\0004\000.\0001\000\040\000C\000o\000n\000s\000t\000r\000u\000c\000t\000o\000r\000\040\000\046\000\040\000D\000e\000s\000t\000r\000u\000c\000t\000o\000r\000\040\000D\000o\000c\000u\000m\000e\000n\000t\000a\000t\000i\000o\000n}{section.6.4}% 44
\BOOKMARK [3][-]{subsubsection.6.4.1.1}{\376\377\0006\000.\0004\000.\0001\000.\0001\000\040\000B\000o\000u\000n\000d\000a\000r\000y\000S\000t\000r\000a\000t\000e\000g\000y\000\050\000\051}{subsection.6.4.1}% 45
\BOOKMARK [2][-]{subsection.6.4.2}{\376\377\0006\000.\0004\000.\0002\000\040\000M\000e\000m\000b\000e\000r\000\040\000F\000u\000n\000c\000t\000i\000o\000n\000\040\000D\000o\000c\000u\000m\000e\000n\000t\000a\000t\000i\000o\000n}{section.6.4}% 46
\BOOKMARK [3][-]{subsubsection.6.4.2.1}{\376\377\0006\000.\0004\000.\0002\000.\0001\000\040\000d\000i\000s\000t\000a\000n\000c\000e\000\050\000\051}{subsection.6.4.2}% 47
\BOOKMARK [2][-]{subsection.6.4.3}{\376\377\0006\000.\0004\000.\0003\000\040\000M\000e\000m\000b\000e\000r\000\040\000D\000a\000t\000a\000\040\000D\000o\000c\000u\000m\000e\000n\000t\000a\000t\000i\000o\000n}{section.6.4}% 48
\BOOKMARK [3][-]{subsubsection.6.4.3.1}{\376\377\0006\000.\0004\000.\0003\000.\0001\000\040\000s\000i\000d\000e}{subsection.6.4.3}% 49
\BOOKMARK [1][-]{section.6.5}{\376\377\0006\000.\0005\000\040\000D\000i\000s\000p\000e\000r\000s\000a\000l\000\040\000C\000l\000a\000s\000s\000\040\000R\000e\000f\000e\000r\000e\000n\000c\000e}{chapter.6}% 50
\BOOKMARK [2][-]{subsection.6.5.1}{\376\377\0006\000.\0005\000.\0001\000\040\000C\000o\000n\000s\000t\000r\000u\000c\000t\000o\000r\000\040\000\046\000\040\000D\000e\000s\000t\000r\000u\000c\000t\000o\000r\000\040\000D\000o\000c\000u\000m\000e\000n\000t\000a\000t\000i\000o\000n}{section.6.5}% 51
\BOOKMARK [3][-]{subsubsection.6.5.1.1}{\376\377\0006\000.\0005\000.\0001\000.\0001\000\040\000D\000i\000s\000p\000e\000r\000s\000a\000l\000\050\000\051}{subsection.6.5.1}% 52
\BOOKMARK [3][-]{subsubsection.6.5.1.2}{\376\377\0006\000.\0005\000.\0001\000.\0002\000\040\000~\000D\000i\000s\000p\000e\000r\000s\000a\000l\000\050\000\051}{subsection.6.5.1}% 53
\BOOKMARK [2][-]{subsection.6.5.2}{\376\377\0006\000.\0005\000.\0002\000\040\000M\000e\000m\000b\000e\000r\000\040\000F\000u\000n\000c\000t\000i\000o\000n\000\040\000D\000o\000c\000u\000m\000e\000n\000t\000a\000t\000i\000o\000n}{section.6.5}% 54
\BOOKMARK [3][-]{subsubsection.6.5.2.1}{\376\377\0006\000.\0005\000.\0002\000.\0001\000\040\000a\000d\000u\000l\000t\000s\000\137\000d\000i\000s\000p\000e\000r\000s\000e\000\050\000\051}{subsection.6.5.2}% 55
\BOOKMARK [3][-]{subsubsection.6.5.2.2}{\376\377\0006\000.\0005\000.\0002\000.\0002\000\040\000F\000\137\000d\000i\000s\000p\000e\000r\000s\000i\000n\000g\000\137\000o\000u\000t\000\050\000\051}{subsection.6.5.2}% 56
\BOOKMARK [3][-]{subsubsection.6.5.2.3}{\376\377\0006\000.\0005\000.\0002\000.\0003\000\040\000M\000\137\000d\000i\000s\000p\000e\000r\000s\000i\000n\000g\000\137\000o\000u\000t\000\050\000\051}{subsection.6.5.2}% 57
\BOOKMARK [3][-]{subsubsection.6.5.2.4}{\376\377\0006\000.\0005\000.\0002\000.\0004\000\040\000s\000e\000t\000\137\000c\000o\000n\000n\000e\000c\000s\000\050\000\051}{subsection.6.5.2}% 58
\BOOKMARK [2][-]{subsection.6.5.3}{\376\377\0006\000.\0005\000.\0003\000\040\000M\000e\000m\000b\000e\000r\000\040\000D\000a\000t\000a\000\040\000D\000o\000c\000u\000m\000e\000n\000t\000a\000t\000i\000o\000n}{section.6.5}% 59
\BOOKMARK [3][-]{subsubsection.6.5.3.1}{\376\377\0006\000.\0005\000.\0003\000.\0001\000\040\000b\000o\000u\000n\000d\000a\000r\000y\000\137\000s\000t\000r\000a\000t\000e\000g\000y}{subsection.6.5.3}% 60
\BOOKMARK [3][-]{subsubsection.6.5.3.2}{\376\377\0006\000.\0005\000.\0003\000.\0002\000\040\000c\000o\000n\000n\000e\000c\000\137\000i\000n\000d\000i\000c\000e\000s}{subsection.6.5.3}% 61
\BOOKMARK [3][-]{subsubsection.6.5.3.3}{\376\377\0006\000.\0005\000.\0003\000.\0003\000\040\000c\000o\000n\000n\000e\000c\000\137\000w\000e\000i\000g\000h\000t\000s}{subsection.6.5.3}% 62
\BOOKMARK [3][-]{subsubsection.6.5.3.4}{\376\377\0006\000.\0005\000.\0003\000.\0004\000\040\000d\000i\000s\000p\000\137\000r\000a\000t\000e}{subsection.6.5.3}% 63
\BOOKMARK [3][-]{subsubsection.6.5.3.5}{\376\377\0006\000.\0005\000.\0003\000.\0005\000\040\000m\000a\000x\000\137\000d\000i\000s\000p}{subsection.6.5.3}% 64
\BOOKMARK [1][-]{section.6.6}{\376\377\0006\000.\0006\000\040\000D\000i\000s\000p\000e\000r\000s\000a\000l\000P\000a\000r\000a\000m\000s\000\040\000S\000t\000r\000u\000c\000t\000\040\000R\000e\000f\000e\000r\000e\000n\000c\000e}{chapter.6}% 65
\BOOKMARK [2][-]{subsection.6.6.1}{\376\377\0006\000.\0006\000.\0001\000\040\000M\000e\000m\000b\000e\000r\000\040\000D\000a\000t\000a\000\040\000D\000o\000c\000u\000m\000e\000n\000t\000a\000t\000i\000o\000n}{section.6.6}% 66
\BOOKMARK [3][-]{subsubsection.6.6.1.1}{\376\377\0006\000.\0006\000.\0001\000.\0001\000\040\000d\000i\000s\000p\000\137\000r\000a\000t\000e}{subsection.6.6.1}% 67
\BOOKMARK [3][-]{subsubsection.6.6.1.2}{\376\377\0006\000.\0006\000.\0001\000.\0002\000\040\000m\000a\000x\000\137\000d\000i\000s\000p}{subsection.6.6.1}% 68
\BOOKMARK [1][-]{section.6.7}{\376\377\0006\000.\0007\000\040\000D\000i\000s\000t\000a\000n\000c\000e\000K\000e\000r\000n\000e\000l\000D\000i\000s\000p\000e\000r\000s\000a\000l\000\040\000C\000l\000a\000s\000s\000\040\000R\000e\000f\000e\000r\000e\000n\000c\000e}{chapter.6}% 69
\BOOKMARK [2][-]{subsection.6.7.1}{\376\377\0006\000.\0007\000.\0001\000\040\000C\000o\000n\000s\000t\000r\000u\000c\000t\000o\000r\000\040\000\046\000\040\000D\000e\000s\000t\000r\000u\000c\000t\000o\000r\000\040\000D\000o\000c\000u\000m\000e\000n\000t\000a\000t\000i\000o\000n}{section.6.7}% 70
\BOOKMARK [3][-]{subsubsection.6.7.1.1}{\376\377\0006\000.\0007\000.\0001\000.\0001\000\040\000D\000i\000s\000t\000a\000n\000c\000e\000K\000e\000r\000n\000e\000l\000D\000i\000s\000p\000e\000r\000s\000a\000l\000\050\000\051}{subsection.6.7.1}% 71
\BOOKMARK [2][-]{subsection.6.7.2}{\376\377\0006\000.\0007\000.\0002\000\040\000M\000e\000m\000b\000e\000r\000\040\000F\000u\000n\000c\000t\000i\000o\000n\000\040\000D\000o\000c\000u\000m\000e\000n\000t\000a\000t\000i\000o\000n}{section.6.7}% 72
\BOOKMARK [3][-]{subsubsection.6.7.2.1}{\376\377\0006\000.\0007\000.\0002\000.\0001\000\040\000a\000d\000u\000l\000t\000s\000\137\000d\000i\000s\000p\000e\000r\000s\000e\000\050\000\051}{subsection.6.7.2}% 73
\BOOKMARK [3][-]{subsubsection.6.7.2.2}{\376\377\0006\000.\0007\000.\0002\000.\0002\000\040\000c\000o\000m\000p\000u\000t\000e\000\137\000c\000o\000n\000n\000e\000c\000s\000\050\000\051}{subsection.6.7.2}% 74
\BOOKMARK [3][-]{subsubsection.6.7.2.3}{\376\377\0006\000.\0007\000.\0002\000.\0003\000\040\000s\000e\000t\000\137\000c\000o\000n\000n\000e\000c\000s\000\050\000\051}{subsection.6.7.2}% 75
\BOOKMARK [1][-]{section.6.8}{\376\377\0006\000.\0008\000\040\000E\000d\000g\000e\000B\000o\000u\000n\000d\000a\000r\000y\000S\000t\000r\000a\000t\000e\000g\000y\000\040\000C\000l\000a\000s\000s\000\040\000R\000e\000f\000e\000r\000e\000n\000c\000e}{chapter.6}% 76
\BOOKMARK [2][-]{subsection.6.8.1}{\376\377\0006\000.\0008\000.\0001\000\040\000C\000o\000n\000s\000t\000r\000u\000c\000t\000o\000r\000\040\000\046\000\040\000D\000e\000s\000t\000r\000u\000c\000t\000o\000r\000\040\000D\000o\000c\000u\000m\000e\000n\000t\000a\000t\000i\000o\000n}{section.6.8}% 77
\BOOKMARK [3][-]{subsubsection.6.8.1.1}{\376\377\0006\000.\0008\000.\0001\000.\0001\000\040\000E\000d\000g\000e\000B\000o\000u\000n\000d\000a\000r\000y\000S\000t\000r\000a\000t\000e\000g\000y\000\050\000\051}{subsection.6.8.1}% 78
\BOOKMARK [2][-]{subsection.6.8.2}{\376\377\0006\000.\0008\000.\0002\000\040\000M\000e\000m\000b\000e\000r\000\040\000F\000u\000n\000c\000t\000i\000o\000n\000\040\000D\000o\000c\000u\000m\000e\000n\000t\000a\000t\000i\000o\000n}{section.6.8}% 79
\BOOKMARK [3][-]{subsubsection.6.8.2.1}{\376\377\0006\000.\0008\000.\0002\000.\0001\000\040\000d\000i\000s\000t\000a\000n\000c\000e\000\050\000\051}{subsection.6.8.2}% 80
\BOOKMARK [1][-]{section.6.9}{\376\377\0006\000.\0009\000\040\000G\000D\000R\000e\000l\000e\000a\000s\000e\000\040\000C\000l\000a\000s\000s\000\040\000R\000e\000f\000e\000r\000e\000n\000c\000e}{chapter.6}% 81
\BOOKMARK [2][-]{subsection.6.9.1}{\376\377\0006\000.\0009\000.\0001\000\040\000C\000o\000n\000s\000t\000r\000u\000c\000t\000o\000r\000\040\000\046\000\040\000D\000e\000s\000t\000r\000u\000c\000t\000o\000r\000\040\000D\000o\000c\000u\000m\000e\000n\000t\000a\000t\000i\000o\000n}{section.6.9}% 82
\BOOKMARK [3][-]{subsubsection.6.9.1.1}{\376\377\0006\000.\0009\000.\0001\000.\0001\000\040\000G\000D\000R\000e\000l\000e\000a\000s\000e\000\050\000\051}{subsection.6.9.1}% 83
\BOOKMARK [2][-]{subsection.6.9.2}{\376\377\0006\000.\0009\000.\0002\000\040\000M\000e\000m\000b\000e\000r\000\040\000F\000u\000n\000c\000t\000i\000o\000n\000\040\000D\000o\000c\000u\000m\000e\000n\000t\000a\000t\000i\000o\000n}{section.6.9}% 84
\BOOKMARK [3][-]{subsubsection.6.9.2.1}{\376\377\0006\000.\0009\000.\0002\000.\0001\000\040\000i\000s\000\137\000r\000e\000l\000e\000a\000s\000e\000\137\000t\000i\000m\000e\000\050\000\051}{subsection.6.9.2}% 85
\BOOKMARK [3][-]{subsubsection.6.9.2.2}{\376\377\0006\000.\0009\000.\0002\000.\0002\000\040\000p\000u\000t\000\137\000d\000r\000i\000v\000e\000r\000\137\000s\000i\000t\000e\000s\000\050\000\051}{subsection.6.9.2}% 86
\BOOKMARK [3][-]{subsubsection.6.9.2.3}{\376\377\0006\000.\0009\000.\0002\000.\0003\000\040\000r\000e\000l\000e\000a\000s\000e\000\137\000g\000e\000n\000e\000\137\000d\000r\000i\000v\000e\000\050\000\051}{subsection.6.9.2}% 87
\BOOKMARK [3][-]{subsubsection.6.9.2.4}{\376\377\0006\000.\0009\000.\0002\000.\0004\000\040\000s\000e\000l\000e\000c\000t\000\137\000d\000r\000i\000v\000e\000r\000\137\000s\000i\000t\000e\000s\000\050\000\051}{subsection.6.9.2}% 88
\BOOKMARK [2][-]{subsection.6.9.3}{\376\377\0006\000.\0009\000.\0003\000\040\000M\000e\000m\000b\000e\000r\000\040\000D\000a\000t\000a\000\040\000D\000o\000c\000u\000m\000e\000n\000t\000a\000t\000i\000o\000n}{section.6.9}% 89
\BOOKMARK [3][-]{subsubsection.6.9.3.1}{\376\377\0006\000.\0009\000.\0003\000.\0001\000\040\000d\000r\000i\000v\000e\000r\000\137\000s\000t\000a\000r\000t}{subsection.6.9.3}% 90
\BOOKMARK [3][-]{subsubsection.6.9.3.2}{\376\377\0006\000.\0009\000.\0003\000.\0002\000\040\000n\000u\000m\000\137\000d\000r\000i\000v\000e\000r\000\137\000M}{subsection.6.9.3}% 91
\BOOKMARK [3][-]{subsubsection.6.9.3.3}{\376\377\0006\000.\0009\000.\0003\000.\0003\000\040\000n\000u\000m\000\137\000d\000r\000i\000v\000e\000r\000\137\000s\000i\000t\000e\000s}{subsection.6.9.3}% 92
\BOOKMARK [1][-]{section.6.10}{\376\377\0006\000.\0001\0000\000\040\000I\000n\000h\000e\000r\000i\000t\000a\000n\000c\000e\000P\000a\000r\000a\000m\000s\000\040\000S\000t\000r\000u\000c\000t\000\040\000R\000e\000f\000e\000r\000e\000n\000c\000e}{chapter.6}% 93
\BOOKMARK [2][-]{subsection.6.10.1}{\376\377\0006\000.\0001\0000\000.\0001\000\040\000M\000e\000m\000b\000e\000r\000\040\000D\000a\000t\000a\000\040\000D\000o\000c\000u\000m\000e\000n\000t\000a\000t\000i\000o\000n}{section.6.10}% 94
\BOOKMARK [3][-]{subsubsection.6.10.1.1}{\376\377\0006\000.\0001\0000\000.\0001\000.\0001\000\040\000e}{subsection.6.10.1}% 95
\BOOKMARK [3][-]{subsubsection.6.10.1.2}{\376\377\0006\000.\0001\0000\000.\0001\000.\0002\000\040\000g\000a\000m\000m\000a}{subsection.6.10.1}% 96
\BOOKMARK [3][-]{subsubsection.6.10.1.3}{\376\377\0006\000.\0001\0000\000.\0001\000.\0003\000\040\000x\000i}{subsection.6.10.1}% 97
\BOOKMARK [1][-]{section.6.11}{\376\377\0006\000.\0001\0001\000\040\000I\000n\000i\000t\000i\000a\000l\000P\000o\000p\000s\000P\000a\000r\000a\000m\000s\000\040\000S\000t\000r\000u\000c\000t\000\040\000R\000e\000f\000e\000r\000e\000n\000c\000e}{chapter.6}% 98
\BOOKMARK [2][-]{subsection.6.11.1}{\376\377\0006\000.\0001\0001\000.\0001\000\040\000M\000e\000m\000b\000e\000r\000\040\000D\000a\000t\000a\000\040\000D\000o\000c\000u\000m\000e\000n\000t\000a\000t\000i\000o\000n}{section.6.11}% 99
\BOOKMARK [3][-]{subsubsection.6.11.1.1}{\376\377\0006\000.\0001\0001\000.\0001\000.\0001\000\040\000i\000n\000i\000t\000i\000a\000l\000\137\000W\000F}{subsection.6.11.1}% 100
\BOOKMARK [3][-]{subsubsection.6.11.1.2}{\376\377\0006\000.\0001\0001\000.\0001\000.\0002\000\040\000i\000n\000i\000t\000i\000a\000l\000\137\000W\000J}{subsection.6.11.1}% 101
\BOOKMARK [3][-]{subsubsection.6.11.1.3}{\376\377\0006\000.\0001\0001\000.\0001\000.\0003\000\040\000i\000n\000i\000t\000i\000a\000l\000\137\000W\000M}{subsection.6.11.1}% 102
\BOOKMARK [3][-]{subsubsection.6.11.1.4}{\376\377\0006\000.\0001\0001\000.\0001\000.\0004\000\040\000i\000n\000i\000t\000i\000a\000l\000\137\000W\000V}{subsection.6.11.1}% 103
\BOOKMARK [1][-]{section.6.12}{\376\377\0006\000.\0001\0002\000\040\000L\000i\000f\000e\000P\000a\000r\000a\000m\000s\000\040\000S\000t\000r\000u\000c\000t\000\040\000R\000e\000f\000e\000r\000e\000n\000c\000e}{chapter.6}% 104
\BOOKMARK [2][-]{subsection.6.12.1}{\376\377\0006\000.\0001\0002\000.\0001\000\040\000M\000e\000m\000b\000e\000r\000\040\000D\000a\000t\000a\000\040\000D\000o\000c\000u\000m\000e\000n\000t\000a\000t\000i\000o\000n}{section.6.12}% 105
\BOOKMARK [3][-]{subsubsection.6.12.1.1}{\376\377\0006\000.\0001\0002\000.\0001\000.\0001\000\040\000a\000l\000p\000h\000a\0000}{subsection.6.12.1}% 106
\BOOKMARK [3][-]{subsubsection.6.12.1.2}{\376\377\0006\000.\0001\0002\000.\0001\000.\0002\000\040\000b\000e\000t\000a}{subsection.6.12.1}% 107
\BOOKMARK [3][-]{subsubsection.6.12.1.3}{\376\377\0006\000.\0001\0002\000.\0001\000.\0003\000\040\000m\000e\000a\000n\000\137\000d\000e\000v}{subsection.6.12.1}% 108
\BOOKMARK [3][-]{subsubsection.6.12.1.4}{\376\377\0006\000.\0001\0002\000.\0001\000.\0004\000\040\000m\000i\000n\000\137\000d\000e\000v}{subsection.6.12.1}% 109
\BOOKMARK [3][-]{subsubsection.6.12.1.5}{\376\377\0006\000.\0001\0002\000.\0001\000.\0005\000\040\000m\000u\000\137\000a}{subsection.6.12.1}% 110
\BOOKMARK [3][-]{subsubsection.6.12.1.6}{\376\377\0006\000.\0001\0002\000.\0001\000.\0006\000\040\000m\000u\000\137\000j}{subsection.6.12.1}% 111
\BOOKMARK [3][-]{subsubsection.6.12.1.7}{\376\377\0006\000.\0001\0002\000.\0001\000.\0007\000\040\000t\000h\000e\000t\000a}{subsection.6.12.1}% 112
\BOOKMARK [1][-]{section.6.13}{\376\377\0006\000.\0001\0003\000\040\000M\000o\000d\000e\000l\000\040\000C\000l\000a\000s\000s\000\040\000R\000e\000f\000e\000r\000e\000n\000c\000e}{chapter.6}% 113
\BOOKMARK [2][-]{subsection.6.13.1}{\376\377\0006\000.\0001\0003\000.\0001\000\040\000C\000o\000n\000s\000t\000r\000u\000c\000t\000o\000r\000\040\000\046\000\040\000D\000e\000s\000t\000r\000u\000c\000t\000o\000r\000\040\000D\000o\000c\000u\000m\000e\000n\000t\000a\000t\000i\000o\000n}{section.6.13}% 114
\BOOKMARK [3][-]{subsubsection.6.13.1.1}{\376\377\0006\000.\0001\0003\000.\0001\000.\0001\000\040\000M\000o\000d\000e\000l\000\050\000\051}{subsection.6.13.1}% 115
\BOOKMARK [3][-]{subsubsection.6.13.1.2}{\376\377\0006\000.\0001\0003\000.\0001\000.\0002\000\040\000~\000M\000o\000d\000e\000l\000\050\000\051}{subsection.6.13.1}% 116
\BOOKMARK [2][-]{subsection.6.13.2}{\376\377\0006\000.\0001\0003\000.\0002\000\040\000M\000e\000m\000b\000e\000r\000\040\000F\000u\000n\000c\000t\000i\000o\000n\000\040\000D\000o\000c\000u\000m\000e\000n\000t\000a\000t\000i\000o\000n}{section.6.13}% 117
\BOOKMARK [3][-]{subsubsection.6.13.2.1}{\376\377\0006\000.\0001\0003\000.\0002\000.\0001\000\040\000a\000d\000u\000l\000t\000s\000\137\000d\000i\000e\000\050\000\051}{subsection.6.13.2}% 118
\BOOKMARK [3][-]{subsubsection.6.13.2.2}{\376\377\0006\000.\0001\0003\000.\0002\000.\0002\000\040\000c\000a\000l\000c\000u\000l\000a\000t\000e\000\137\000t\000o\000t\000\137\000F\000\050\000\051}{subsection.6.13.2}% 119
\BOOKMARK [3][-]{subsubsection.6.13.2.3}{\376\377\0006\000.\0001\0003\000.\0002\000.\0003\000\040\000c\000a\000l\000c\000u\000l\000a\000t\000e\000\137\000t\000o\000t\000\137\000J\000\050\000\051}{subsection.6.13.2}% 120
\BOOKMARK [3][-]{subsubsection.6.13.2.4}{\376\377\0006\000.\0001\0003\000.\0002\000.\0004\000\040\000c\000a\000l\000c\000u\000l\000a\000t\000e\000\137\000t\000o\000t\000\137\000M\000\050\000\051}{subsection.6.13.2}% 121
\BOOKMARK [3][-]{subsubsection.6.13.2.5}{\376\377\0006\000.\0001\0003\000.\0002\000.\0005\000\040\000c\000a\000l\000c\000u\000l\000a\000t\000e\000\137\000t\000o\000t\000\137\000M\000\137\000g\000e\000n\000\050\000\051}{subsection.6.13.2}% 122
\BOOKMARK [3][-]{subsubsection.6.13.2.6}{\376\377\0006\000.\0001\0003\000.\0002\000.\0006\000\040\000c\000a\000l\000c\000u\000l\000a\000t\000e\000\137\000t\000o\000t\000\137\000V\000\050\000\051}{subsection.6.13.2}% 123
\BOOKMARK [3][-]{subsubsection.6.13.2.7}{\376\377\0006\000.\0001\0003\000.\0002\000.\0007\000\040\000g\000e\000t\000\137\000s\000i\000t\000e\000s\000\050\000\051}{subsection.6.13.2}% 124
\BOOKMARK [3][-]{subsubsection.6.13.2.8}{\376\377\0006\000.\0001\0003\000.\0002\000.\0008\000\040\000i\000n\000i\000t\000i\000a\000t\000e\000\050\000\051}{subsection.6.13.2}% 125
\BOOKMARK [3][-]{subsubsection.6.13.2.9}{\376\377\0006\000.\0001\0003\000.\0002\000.\0009\000\040\000j\000u\000v\000\137\000e\000c\000l\000o\000s\000e\000\050\000\051}{subsection.6.13.2}% 126
\BOOKMARK [3][-]{subsubsection.6.13.2.10}{\376\377\0006\000.\0001\0003\000.\0002\000.\0001\0000\000\040\000j\000u\000v\000\137\000g\000e\000t\000\137\000o\000l\000d\000e\000r\000\050\000\051}{subsection.6.13.2}% 127
\BOOKMARK [3][-]{subsubsection.6.13.2.11}{\376\377\0006\000.\0001\0003\000.\0002\000.\0001\0001\000\040\000l\000a\000y\000\137\000e\000g\000g\000s\000\050\000\051}{subsection.6.13.2}% 128
\BOOKMARK [3][-]{subsubsection.6.13.2.12}{\376\377\0006\000.\0001\0003\000.\0002\000.\0001\0002\000\040\000p\000o\000p\000u\000l\000a\000t\000e\000\137\000s\000i\000t\000e\000s\000\050\000\051}{subsection.6.13.2}% 129
\BOOKMARK [3][-]{subsubsection.6.13.2.13}{\376\377\0006\000.\0001\0003\000.\0002\000.\0001\0003\000\040\000r\000u\000n\000\050\000\051}{subsection.6.13.2}% 130
\BOOKMARK [3][-]{subsubsection.6.13.2.14}{\376\377\0006\000.\0001\0003\000.\0002\000.\0001\0004\000\040\000r\000u\000n\000\137\000s\000t\000e\000p\000\050\000\051}{subsection.6.13.2}% 131
\BOOKMARK [3][-]{subsubsection.6.13.2.15}{\376\377\0006\000.\0001\0003\000.\0002\000.\0001\0005\000\040\000s\000e\000t\000\137\000d\000e\000v\000\137\000d\000u\000r\000a\000t\000i\000o\000n\000\137\000p\000r\000o\000b\000s\000\050\000\051}{subsection.6.13.2}% 132
\BOOKMARK [3][-]{subsubsection.6.13.2.16}{\376\377\0006\000.\0001\0003\000.\0002\000.\0001\0006\000\040\000v\000i\000r\000g\000i\000n\000s\000\137\000m\000a\000t\000e\000\050\000\051}{subsection.6.13.2}% 133
\BOOKMARK [2][-]{subsection.6.13.3}{\376\377\0006\000.\0001\0003\000.\0003\000\040\000M\000e\000m\000b\000e\000r\000\040\000D\000a\000t\000a\000\040\000D\000o\000c\000u\000m\000e\000n\000t\000a\000t\000i\000o\000n}{section.6.13}% 134
\BOOKMARK [3][-]{subsubsection.6.13.3.1}{\376\377\0006\000.\0001\0003\000.\0003\000.\0001\000\040\000a\000e\000s\000t\000i\000v\000a\000t\000i\000o\000n}{subsection.6.13.3}% 135
\BOOKMARK [3][-]{subsubsection.6.13.3.2}{\376\377\0006\000.\0001\0003\000.\0003\000.\0002\000\040\000d\000e\000v\000\137\000d\000u\000r\000a\000t\000i\000o\000n\000\137\000p\000r\000o\000b\000s}{subsection.6.13.3}% 136
\BOOKMARK [3][-]{subsubsection.6.13.3.3}{\376\377\0006\000.\0001\0003\000.\0003\000.\0003\000\040\000d\000i\000s\000p\000e\000r\000s\000a\000l}{subsection.6.13.3}% 137
\BOOKMARK [3][-]{subsubsection.6.13.3.4}{\376\377\0006\000.\0001\0003\000.\0003\000.\0004\000\040\000g\000d\000\137\000r\000e\000l\000e\000a\000s\000e}{subsection.6.13.3}% 138
\BOOKMARK [3][-]{subsubsection.6.13.3.5}{\376\377\0006\000.\0001\0003\000.\0003\000.\0005\000\040\000i\000n\000i\000t\000i\000a\000l\000\137\000p\000o\000p\000s}{subsection.6.13.3}% 139
\BOOKMARK [3][-]{subsubsection.6.13.3.6}{\376\377\0006\000.\0001\0003\000.\0003\000.\0006\000\040\000m\000i\000n\000\137\000d\000e\000v}{subsection.6.13.3}% 140
\BOOKMARK [3][-]{subsubsection.6.13.3.7}{\376\377\0006\000.\0001\0003\000.\0003\000.\0007\000\040\000n\000u\000m\000\137\000p\000a\000t}{subsection.6.13.3}% 141
\BOOKMARK [3][-]{subsubsection.6.13.3.8}{\376\377\0006\000.\0001\0003\000.\0003\000.\0008\000\040\000s\000i\000d\000e}{subsection.6.13.3}% 142
\BOOKMARK [3][-]{subsubsection.6.13.3.9}{\376\377\0006\000.\0001\0003\000.\0003\000.\0009\000\040\000s\000i\000t\000e\000s}{subsection.6.13.3}% 143
\BOOKMARK [1][-]{section.6.14}{\376\377\0006\000.\0001\0004\000\040\000P\000a\000t\000c\000h\000\040\000C\000l\000a\000s\000s\000\040\000R\000e\000f\000e\000r\000e\000n\000c\000e}{chapter.6}% 144
\BOOKMARK [2][-]{subsection.6.14.1}{\376\377\0006\000.\0001\0004\000.\0001\000\040\000C\000o\000n\000s\000t\000r\000u\000c\000t\000o\000r\000\040\000\046\000\040\000D\000e\000s\000t\000r\000u\000c\000t\000o\000r\000\040\000D\000o\000c\000u\000m\000e\000n\000t\000a\000t\000i\000o\000n}{section.6.14}% 145
\BOOKMARK [3][-]{subsubsection.6.14.1.1}{\376\377\0006\000.\0001\0004\000.\0001\000.\0001\000\040\000P\000a\000t\000c\000h\000\050\000\051\000\040\000[\0001\000/\0002\000]}{subsection.6.14.1}% 146
\BOOKMARK [3][-]{subsubsection.6.14.1.2}{\376\377\0006\000.\0001\0004\000.\0001\000.\0002\000\040\000P\000a\000t\000c\000h\000\050\000\051\000\040\000[\0002\000/\0002\000]}{subsection.6.14.1}% 147
\BOOKMARK [2][-]{subsection.6.14.2}{\376\377\0006\000.\0001\0004\000.\0002\000\040\000M\000e\000m\000b\000e\000r\000\040\000F\000u\000n\000c\000t\000i\000o\000n\000\040\000D\000o\000c\000u\000m\000e\000n\000t\000a\000t\000i\000o\000n}{section.6.14}% 148
\BOOKMARK [3][-]{subsubsection.6.14.2.1}{\376\377\0006\000.\0001\0004\000.\0002\000.\0001\000\040\000a\000d\000d\000\137\000d\000r\000i\000v\000e\000r\000\137\000M\000\050\000\051}{subsection.6.14.2}% 149
\BOOKMARK [3][-]{subsubsection.6.14.2.2}{\376\377\0006\000.\0001\0004\000.\0002\000.\0002\000\040\000a\000d\000u\000l\000t\000s\000\137\000d\000i\000e\000\050\000\051}{subsection.6.14.2}% 150
\BOOKMARK [3][-]{subsubsection.6.14.2.3}{\376\377\0006\000.\0001\0004\000.\0002\000.\0003\000\040\000c\000a\000l\000c\000u\000l\000a\000t\000e\000\137\000t\000o\000t\000\137\000F\000\050\000\051}{subsection.6.14.2}% 151
\BOOKMARK [3][-]{subsubsection.6.14.2.4}{\376\377\0006\000.\0001\0004\000.\0002\000.\0004\000\040\000c\000a\000l\000c\000u\000l\000a\000t\000e\000\137\000t\000o\000t\000\137\000J\000\050\000\051}{subsection.6.14.2}% 152
\BOOKMARK [3][-]{subsubsection.6.14.2.5}{\376\377\0006\000.\0001\0004\000.\0002\000.\0005\000\040\000c\000a\000l\000c\000u\000l\000a\000t\000e\000\137\000t\000o\000t\000\137\000M\000\050\000\051}{subsection.6.14.2}% 153
\BOOKMARK [3][-]{subsubsection.6.14.2.6}{\376\377\0006\000.\0001\0004\000.\0002\000.\0006\000\040\000c\000a\000l\000c\000u\000l\000a\000t\000e\000\137\000t\000o\000t\000\137\000V\000\050\000\051}{subsection.6.14.2}% 154
\BOOKMARK [3][-]{subsubsection.6.14.2.7}{\376\377\0006\000.\0001\0004\000.\0002\000.\0007\000\040\000F\000\137\000d\000i\000s\000p\000e\000r\000s\000e\000\137\000i\000n\000\050\000\051}{subsection.6.14.2}% 155
\BOOKMARK [3][-]{subsubsection.6.14.2.8}{\376\377\0006\000.\0001\0004\000.\0002\000.\0008\000\040\000F\000\137\000d\000i\000s\000p\000e\000r\000s\000e\000\137\000o\000u\000t\000\050\000\051}{subsection.6.14.2}% 156
\BOOKMARK [3][-]{subsubsection.6.14.2.9}{\376\377\0006\000.\0001\0004\000.\0002\000.\0009\000\040\000F\000\137\000h\000i\000d\000e\000\050\000\051}{subsection.6.14.2}% 157
\BOOKMARK [3][-]{subsubsection.6.14.2.10}{\376\377\0006\000.\0001\0004\000.\0002\000.\0001\0000\000\040\000F\000\137\000w\000a\000k\000e\000\050\000\051}{subsection.6.14.2}% 158
\BOOKMARK [3][-]{subsubsection.6.14.2.11}{\376\377\0006\000.\0001\0004\000.\0002\000.\0001\0001\000\040\000g\000e\000t\000\137\000c\000o\000o\000r\000d\000s\000\050\000\051}{subsection.6.14.2}% 159
\BOOKMARK [3][-]{subsubsection.6.14.2.12}{\376\377\0006\000.\0001\0004\000.\0002\000.\0001\0002\000\040\000g\000e\000t\000\137\000F\000\050\000\051}{subsection.6.14.2}% 160
\BOOKMARK [3][-]{subsubsection.6.14.2.13}{\376\377\0006\000.\0001\0004\000.\0002\000.\0001\0003\000\040\000g\000e\000t\000\137\000M\000\050\000\051}{subsection.6.14.2}% 161
\BOOKMARK [3][-]{subsubsection.6.14.2.14}{\376\377\0006\000.\0001\0004\000.\0002\000.\0001\0004\000\040\000j\000u\000v\000\137\000e\000c\000l\000o\000s\000e\000\050\000\051}{subsection.6.14.2}% 162
\BOOKMARK [3][-]{subsubsection.6.14.2.15}{\376\377\0006\000.\0001\0004\000.\0002\000.\0001\0005\000\040\000j\000u\000v\000\137\000g\000e\000t\000\137\000o\000l\000d\000e\000r\000\050\000\051}{subsection.6.14.2}% 163
\BOOKMARK [3][-]{subsubsection.6.14.2.16}{\376\377\0006\000.\0001\0004\000.\0002\000.\0001\0006\000\040\000l\000a\000y\000\137\000e\000g\000g\000s\000\050\000\051}{subsection.6.14.2}% 164
\BOOKMARK [3][-]{subsubsection.6.14.2.17}{\376\377\0006\000.\0001\0004\000.\0002\000.\0001\0007\000\040\000M\000\137\000d\000i\000s\000p\000e\000r\000s\000e\000\137\000i\000n\000\050\000\051}{subsection.6.14.2}% 165
\BOOKMARK [3][-]{subsubsection.6.14.2.18}{\376\377\0006\000.\0001\0004\000.\0002\000.\0001\0008\000\040\000M\000\137\000d\000i\000s\000p\000e\000r\000s\000e\000\137\000o\000u\000t\000\050\000\051}{subsection.6.14.2}% 166
\BOOKMARK [3][-]{subsubsection.6.14.2.19}{\376\377\0006\000.\0001\0004\000.\0002\000.\0001\0009\000\040\000p\000o\000p\000u\000l\000a\000t\000e\000\050\000\051}{subsection.6.14.2}% 167
\BOOKMARK [3][-]{subsubsection.6.14.2.20}{\376\377\0006\000.\0001\0004\000.\0002\000.\0002\0000\000\040\000u\000p\000d\000a\000t\000e\000\137\000c\000o\000m\000p\000\050\000\051}{subsection.6.14.2}% 168
\BOOKMARK [3][-]{subsubsection.6.14.2.21}{\376\377\0006\000.\0001\0004\000.\0002\000.\0002\0001\000\040\000u\000p\000d\000a\000t\000e\000\137\000m\000a\000t\000e\000\050\000\051}{subsection.6.14.2}% 169
\BOOKMARK [3][-]{subsubsection.6.14.2.22}{\376\377\0006\000.\0001\0004\000.\0002\000.\0002\0002\000\040\000v\000i\000r\000g\000i\000n\000s\000\137\000m\000a\000t\000e\000\050\000\051}{subsection.6.14.2}% 170
\BOOKMARK [2][-]{subsection.6.14.3}{\376\377\0006\000.\0001\0004\000.\0003\000\040\000M\000e\000m\000b\000e\000r\000\040\000D\000a\000t\000a\000\040\000D\000o\000c\000u\000m\000e\000n\000t\000a\000t\000i\000o\000n}{section.6.14}% 171
\BOOKMARK [3][-]{subsubsection.6.14.3.1}{\376\377\0006\000.\0001\0004\000.\0003\000.\0001\000\040\000c\000o\000m\000p}{subsection.6.14.3}% 172
\BOOKMARK [3][-]{subsubsection.6.14.3.2}{\376\377\0006\000.\0001\0004\000.\0003\000.\0002\000\040\000c\000o\000o\000r\000d\000s}{subsection.6.14.3}% 173
\BOOKMARK [3][-]{subsubsection.6.14.3.3}{\376\377\0006\000.\0001\0004\000.\0003\000.\0003\000\040\000F}{subsection.6.14.3}% 174
\BOOKMARK [3][-]{subsubsection.6.14.3.4}{\376\377\0006\000.\0001\0004\000.\0003\000.\0004\000\040\000J}{subsection.6.14.3}% 175
\BOOKMARK [3][-]{subsubsection.6.14.3.5}{\376\377\0006\000.\0001\0004\000.\0003\000.\0005\000\040\000M}{subsection.6.14.3}% 176
\BOOKMARK [3][-]{subsubsection.6.14.3.6}{\376\377\0006\000.\0001\0004\000.\0003\000.\0006\000\040\000m\000a\000t\000e\000\137\000r\000a\000t\000e}{subsection.6.14.3}% 177
\BOOKMARK [3][-]{subsubsection.6.14.3.7}{\376\377\0006\000.\0001\0004\000.\0003\000.\0007\000\040\000p\000a\000r\000a\000m\000s}{subsection.6.14.3}% 178
\BOOKMARK [3][-]{subsubsection.6.14.3.8}{\376\377\0006\000.\0001\0004\000.\0003\000.\0008\000\040\000V}{subsection.6.14.3}% 179
\BOOKMARK [1][-]{section.6.15}{\376\377\0006\000.\0001\0005\000\040\000P\000o\000i\000n\000t\000\040\000S\000t\000r\000u\000c\000t\000\040\000R\000e\000f\000e\000r\000e\000n\000c\000e}{chapter.6}% 180
\BOOKMARK [2][-]{subsection.6.15.1}{\376\377\0006\000.\0001\0005\000.\0001\000\040\000M\000e\000m\000b\000e\000r\000\040\000D\000a\000t\000a\000\040\000D\000o\000c\000u\000m\000e\000n\000t\000a\000t\000i\000o\000n}{section.6.15}% 181
\BOOKMARK [3][-]{subsubsection.6.15.1.1}{\376\377\0006\000.\0001\0005\000.\0001\000.\0001\000\040\000x}{subsection.6.15.1}% 182
\BOOKMARK [3][-]{subsubsection.6.15.1.2}{\376\377\0006\000.\0001\0005\000.\0001\000.\0002\000\040\000y}{subsection.6.15.1}% 183
\BOOKMARK [1][-]{section.6.16}{\376\377\0006\000.\0001\0006\000\040\000P\000r\000o\000g\000r\000e\000s\000s\000i\000o\000n\000P\000a\000r\000a\000m\000s\000\040\000S\000t\000r\000u\000c\000t\000\040\000R\000e\000f\000e\000r\000e\000n\000c\000e}{chapter.6}% 184
\BOOKMARK [2][-]{subsection.6.16.1}{\376\377\0006\000.\0001\0006\000.\0001\000\040\000M\000e\000m\000b\000e\000r\000\040\000D\000a\000t\000a\000\040\000D\000o\000c\000u\000m\000e\000n\000t\000a\000t\000i\000o\000n}{section.6.16}% 185
\BOOKMARK [3][-]{subsubsection.6.16.1.1}{\376\377\0006\000.\0001\0006\000.\0001\000.\0001\000\040\000m\000a\000x\000\137\000t}{subsection.6.16.1}% 186
\BOOKMARK [3][-]{subsubsection.6.16.1.2}{\376\377\0006\000.\0001\0006\000.\0001\000.\0002\000\040\000n\000u\000m\000\137\000r\000u\000n\000s}{subsection.6.16.1}% 187
\BOOKMARK [1][-]{section.6.17}{\376\377\0006\000.\0001\0007\000\040\000R\000a\000d\000i\000a\000l\000D\000i\000s\000p\000e\000r\000s\000a\000l\000\040\000C\000l\000a\000s\000s\000\040\000R\000e\000f\000e\000r\000e\000n\000c\000e}{chapter.6}% 188
\BOOKMARK [2][-]{subsection.6.17.1}{\376\377\0006\000.\0001\0007\000.\0001\000\040\000C\000o\000n\000s\000t\000r\000u\000c\000t\000o\000r\000\040\000\046\000\040\000D\000e\000s\000t\000r\000u\000c\000t\000o\000r\000\040\000D\000o\000c\000u\000m\000e\000n\000t\000a\000t\000i\000o\000n}{section.6.17}% 189
\BOOKMARK [3][-]{subsubsection.6.17.1.1}{\376\377\0006\000.\0001\0007\000.\0001\000.\0001\000\040\000R\000a\000d\000i\000a\000l\000D\000i\000s\000p\000e\000r\000s\000a\000l\000\050\000\051}{subsection.6.17.1}% 190
\BOOKMARK [2][-]{subsection.6.17.2}{\376\377\0006\000.\0001\0007\000.\0002\000\040\000M\000e\000m\000b\000e\000r\000\040\000F\000u\000n\000c\000t\000i\000o\000n\000\040\000D\000o\000c\000u\000m\000e\000n\000t\000a\000t\000i\000o\000n}{section.6.17}% 191
\BOOKMARK [3][-]{subsubsection.6.17.2.1}{\376\377\0006\000.\0001\0007\000.\0002\000.\0001\000\040\000a\000d\000u\000l\000t\000s\000\137\000d\000i\000s\000p\000e\000r\000s\000e\000\050\000\051}{subsection.6.17.2}% 192
\BOOKMARK [3][-]{subsubsection.6.17.2.2}{\376\377\0006\000.\0001\0007\000.\0002\000.\0002\000\040\000c\000o\000m\000p\000u\000t\000e\000\137\000c\000o\000n\000n\000e\000c\000s\000\050\000\051}{subsection.6.17.2}% 193
\BOOKMARK [3][-]{subsubsection.6.17.2.3}{\376\377\0006\000.\0001\0007\000.\0002\000.\0003\000\040\000c\000o\000m\000p\000u\000t\000e\000\137\000d\000i\000s\000t\000a\000n\000c\000e\000s\000\050\000\051}{subsection.6.17.2}% 194
\BOOKMARK [3][-]{subsubsection.6.17.2.4}{\376\377\0006\000.\0001\0007\000.\0002\000.\0004\000\040\000c\000o\000m\000p\000u\000t\000e\000\137\000i\000n\000t\000e\000r\000v\000a\000l\000\137\000u\000n\000i\000o\000n\000\050\000\051}{subsection.6.17.2}% 195
\BOOKMARK [3][-]{subsubsection.6.17.2.5}{\376\377\0006\000.\0001\0007\000.\0002\000.\0005\000\040\000g\000e\000t\000\137\000s\000o\000r\000t\000e\000d\000\137\000p\000o\000s\000i\000t\000i\000o\000n\000s\000\050\000\051}{subsection.6.17.2}% 196
\BOOKMARK [3][-]{subsubsection.6.17.2.6}{\376\377\0006\000.\0001\0007\000.\0002\000.\0006\000\040\000s\000e\000t\000\137\000c\000o\000n\000n\000e\000c\000s\000\050\000\051}{subsection.6.17.2}% 197
\BOOKMARK [3][-]{subsubsection.6.17.2.7}{\376\377\0006\000.\0001\0007\000.\0002\000.\0007\000\040\000w\000r\000a\000p\000\137\000a\000r\000o\000u\000n\000d\000\050\000\051}{subsection.6.17.2}% 198
\BOOKMARK [2][-]{subsection.6.17.3}{\376\377\0006\000.\0001\0007\000.\0003\000\040\000M\000e\000m\000b\000e\000r\000\040\000D\000a\000t\000a\000\040\000D\000o\000c\000u\000m\000e\000n\000t\000a\000t\000i\000o\000n}{section.6.17}% 199
\BOOKMARK [3][-]{subsubsection.6.17.3.1}{\376\377\0006\000.\0001\0007\000.\0003\000.\0001\000\040\000c\000o\000n\000n\000e\000c\000\137\000w\000e\000i\000g\000h\000t\000s\000\137\000s\000u\000m}{subsection.6.17.3}% 200
\BOOKMARK [1][-]{section.6.18}{\376\377\0006\000.\0001\0008\000\040\000R\000e\000c\000o\000r\000d\000\040\000C\000l\000a\000s\000s\000\040\000R\000e\000f\000e\000r\000e\000n\000c\000e}{chapter.6}% 201
\BOOKMARK [2][-]{subsection.6.18.1}{\376\377\0006\000.\0001\0008\000.\0001\000\040\000C\000o\000n\000s\000t\000r\000u\000c\000t\000o\000r\000\040\000\046\000\040\000D\000e\000s\000t\000r\000u\000c\000t\000o\000r\000\040\000D\000o\000c\000u\000m\000e\000n\000t\000a\000t\000i\000o\000n}{section.6.18}% 202
\BOOKMARK [3][-]{subsubsection.6.18.1.1}{\376\377\0006\000.\0001\0008\000.\0001\000.\0001\000\040\000R\000e\000c\000o\000r\000d\000\050\000\051}{subsection.6.18.1}% 203
\BOOKMARK [3][-]{subsubsection.6.18.1.2}{\376\377\0006\000.\0001\0008\000.\0001\000.\0002\000\040\000~\000R\000e\000c\000o\000r\000d\000\050\000\051}{subsection.6.18.1}% 204
\BOOKMARK [2][-]{subsection.6.18.2}{\376\377\0006\000.\0001\0008\000.\0002\000\040\000M\000e\000m\000b\000e\000r\000\040\000F\000u\000n\000c\000t\000i\000o\000n\000\040\000D\000o\000c\000u\000m\000e\000n\000t\000a\000t\000i\000o\000n}{section.6.18}% 205
\BOOKMARK [3][-]{subsubsection.6.18.2.1}{\376\377\0006\000.\0001\0008\000.\0002\000.\0001\000\040\000i\000s\000\137\000r\000e\000c\000\137\000g\000l\000o\000b\000a\000l\000\137\000t\000i\000m\000e\000\050\000\051}{subsection.6.18.2}% 206
\BOOKMARK [3][-]{subsubsection.6.18.2.2}{\376\377\0006\000.\0001\0008\000.\0002\000.\0002\000\040\000i\000s\000\137\000r\000e\000c\000\137\000l\000o\000c\000a\000l\000\137\000t\000i\000m\000e\000\050\000\051}{subsection.6.18.2}% 207
\BOOKMARK [3][-]{subsubsection.6.18.2.3}{\376\377\0006\000.\0001\0008\000.\0002\000.\0003\000\040\000o\000u\000t\000p\000u\000t\000\137\000t\000o\000t\000a\000l\000s\000\050\000\051}{subsection.6.18.2}% 208
\BOOKMARK [3][-]{subsubsection.6.18.2.4}{\376\377\0006\000.\0001\0008\000.\0002\000.\0004\000\040\000r\000e\000c\000o\000r\000d\000\137\000c\000o\000o\000r\000d\000s\000\050\000\051}{subsection.6.18.2}% 209
\BOOKMARK [3][-]{subsubsection.6.18.2.5}{\376\377\0006\000.\0001\0008\000.\0002\000.\0005\000\040\000r\000e\000c\000o\000r\000d\000\137\000g\000l\000o\000b\000a\000l\000\050\000\051}{subsection.6.18.2}% 210
\BOOKMARK [3][-]{subsubsection.6.18.2.6}{\376\377\0006\000.\0001\0008\000.\0002\000.\0006\000\040\000r\000e\000c\000o\000r\000d\000\137\000l\000o\000c\000a\000l\000\050\000\051}{subsection.6.18.2}% 211
\BOOKMARK [2][-]{subsection.6.18.3}{\376\377\0006\000.\0001\0008\000.\0003\000\040\000M\000e\000m\000b\000e\000r\000\040\000D\000a\000t\000a\000\040\000D\000o\000c\000u\000m\000e\000n\000t\000a\000t\000i\000o\000n}{section.6.18}% 212
\BOOKMARK [3][-]{subsubsection.6.18.3.1}{\376\377\0006\000.\0001\0008\000.\0003\000.\0001\000\040\000c\000o\000o\000r\000d\000\137\000l\000i\000s\000t}{subsection.6.18.3}% 213
\BOOKMARK [3][-]{subsubsection.6.18.3.2}{\376\377\0006\000.\0001\0008\000.\0003\000.\0002\000\040\000g\000l\000o\000b\000a\000l\000\137\000d\000a\000t\000a}{subsection.6.18.3}% 214
\BOOKMARK [3][-]{subsubsection.6.18.3.3}{\376\377\0006\000.\0001\0008\000.\0003\000.\0003\000\040\000l\000o\000c\000a\000l\000\137\000d\000a\000t\000a}{subsection.6.18.3}% 215
\BOOKMARK [3][-]{subsubsection.6.18.3.4}{\376\377\0006\000.\0001\0008\000.\0003\000.\0004\000\040\000o\000s\0001}{subsection.6.18.3}% 216
\BOOKMARK [3][-]{subsubsection.6.18.3.5}{\376\377\0006\000.\0001\0008\000.\0003\000.\0005\000\040\000o\000s\0002}{subsection.6.18.3}% 217
\BOOKMARK [3][-]{subsubsection.6.18.3.6}{\376\377\0006\000.\0001\0008\000.\0003\000.\0006\000\040\000o\000s\0003}{subsection.6.18.3}% 218
\BOOKMARK [3][-]{subsubsection.6.18.3.7}{\376\377\0006\000.\0001\0008\000.\0003\000.\0007\000\040\000r\000e\000c\000\137\000e\000n\000d}{subsection.6.18.3}% 219
\BOOKMARK [3][-]{subsubsection.6.18.3.8}{\376\377\0006\000.\0001\0008\000.\0003\000.\0008\000\040\000r\000e\000c\000\137\000i\000n\000t\000e\000r\000v\000a\000l\000\137\000g\000l\000o\000b\000a\000l}{subsection.6.18.3}% 220
\BOOKMARK [3][-]{subsubsection.6.18.3.9}{\376\377\0006\000.\0001\0008\000.\0003\000.\0009\000\040\000r\000e\000c\000\137\000i\000n\000t\000e\000r\000v\000a\000l\000\137\000l\000o\000c\000a\000l}{subsection.6.18.3}% 221
\BOOKMARK [3][-]{subsubsection.6.18.3.10}{\376\377\0006\000.\0001\0008\000.\0003\000.\0001\0000\000\040\000r\000e\000c\000\137\000s\000i\000t\000e\000s\000\137\000f\000r\000e\000q}{subsection.6.18.3}% 222
\BOOKMARK [3][-]{subsubsection.6.18.3.11}{\376\377\0006\000.\0001\0008\000.\0003\000.\0001\0001\000\040\000r\000e\000c\000\137\000s\000t\000a\000r\000t}{subsection.6.18.3}% 223
\BOOKMARK [3][-]{subsubsection.6.18.3.12}{\376\377\0006\000.\0001\0008\000.\0003\000.\0001\0002\000\040\000r\000e\000p\000\137\000l\000a\000b\000e\000l}{subsection.6.18.3}% 224
\BOOKMARK [3][-]{subsubsection.6.18.3.13}{\376\377\0006\000.\0001\0008\000.\0003\000.\0001\0003\000\040\000s\000e\000t\000\137\000l\000a\000b\000e\000l}{subsection.6.18.3}% 225
\BOOKMARK [1][-]{section.6.19}{\376\377\0006\000.\0001\0009\000\040\000R\000e\000c\000o\000r\000d\000P\000a\000r\000a\000m\000s\000\040\000S\000t\000r\000u\000c\000t\000\040\000R\000e\000f\000e\000r\000e\000n\000c\000e}{chapter.6}% 226
\BOOKMARK [2][-]{subsection.6.19.1}{\376\377\0006\000.\0001\0009\000.\0001\000\040\000M\000e\000m\000b\000e\000r\000\040\000D\000a\000t\000a\000\040\000D\000o\000c\000u\000m\000e\000n\000t\000a\000t\000i\000o\000n}{section.6.19}% 227
\BOOKMARK [3][-]{subsubsection.6.19.1.1}{\376\377\0006\000.\0001\0009\000.\0001\000.\0001\000\040\000r\000e\000c\000\137\000e\000n\000d}{subsection.6.19.1}% 228
\BOOKMARK [3][-]{subsubsection.6.19.1.2}{\376\377\0006\000.\0001\0009\000.\0001\000.\0002\000\040\000r\000e\000c\000\137\000i\000n\000t\000e\000r\000v\000a\000l\000\137\000g\000l\000o\000b\000a\000l}{subsection.6.19.1}% 229
\BOOKMARK [3][-]{subsubsection.6.19.1.3}{\376\377\0006\000.\0001\0009\000.\0001\000.\0003\000\040\000r\000e\000c\000\137\000i\000n\000t\000e\000r\000v\000a\000l\000\137\000l\000o\000c\000a\000l}{subsection.6.19.1}% 230
\BOOKMARK [3][-]{subsubsection.6.19.1.4}{\376\377\0006\000.\0001\0009\000.\0001\000.\0004\000\040\000r\000e\000c\000\137\000s\000i\000t\000e\000s\000\137\000f\000r\000e\000q}{subsection.6.19.1}% 231
\BOOKMARK [3][-]{subsubsection.6.19.1.5}{\376\377\0006\000.\0001\0009\000.\0001\000.\0005\000\040\000r\000e\000c\000\137\000s\000t\000a\000r\000t}{subsection.6.19.1}% 232
\BOOKMARK [3][-]{subsubsection.6.19.1.6}{\376\377\0006\000.\0001\0009\000.\0001\000.\0006\000\040\000s\000e\000t\000\137\000l\000a\000b\000e\000l}{subsection.6.19.1}% 233
\BOOKMARK [1][-]{section.6.20}{\376\377\0006\000.\0002\0000\000\040\000R\000e\000l\000e\000a\000s\000e\000P\000a\000r\000a\000m\000s\000\040\000S\000t\000r\000u\000c\000t\000\040\000R\000e\000f\000e\000r\000e\000n\000c\000e}{chapter.6}% 234
\BOOKMARK [2][-]{subsection.6.20.1}{\376\377\0006\000.\0002\0000\000.\0001\000\040\000M\000e\000m\000b\000e\000r\000\040\000D\000a\000t\000a\000\040\000D\000o\000c\000u\000m\000e\000n\000t\000a\000t\000i\000o\000n}{section.6.20}% 235
\BOOKMARK [3][-]{subsubsection.6.20.1.1}{\376\377\0006\000.\0002\0000\000.\0001\000.\0001\000\040\000d\000r\000i\000v\000e\000r\000\137\000s\000t\000a\000r\000t}{subsection.6.20.1}% 236
\BOOKMARK [3][-]{subsubsection.6.20.1.2}{\376\377\0006\000.\0002\0000\000.\0001\000.\0002\000\040\000n\000u\000m\000\137\000d\000r\000i\000v\000e\000r\000\137\000M}{subsection.6.20.1}% 237
\BOOKMARK [3][-]{subsubsection.6.20.1.3}{\376\377\0006\000.\0002\0000\000.\0001\000.\0003\000\040\000n\000u\000m\000\137\000d\000r\000i\000v\000e\000r\000\137\000s\000i\000t\000e\000s}{subsection.6.20.1}% 238
\BOOKMARK [1][-]{section.6.21}{\376\377\0006\000.\0002\0001\000\040\000S\000i\000m\000u\000l\000a\000t\000i\000o\000n\000\040\000C\000l\000a\000s\000s\000\040\000R\000e\000f\000e\000r\000e\000n\000c\000e}{chapter.6}% 239
\BOOKMARK [2][-]{subsection.6.21.1}{\376\377\0006\000.\0002\0001\000.\0001\000\040\000C\000o\000n\000s\000t\000r\000u\000c\000t\000o\000r\000\040\000\046\000\040\000D\000e\000s\000t\000r\000u\000c\000t\000o\000r\000\040\000D\000o\000c\000u\000m\000e\000n\000t\000a\000t\000i\000o\000n}{section.6.21}% 240
\BOOKMARK [3][-]{subsubsection.6.21.1.1}{\376\377\0006\000.\0002\0001\000.\0001\000.\0001\000\040\000S\000i\000m\000u\000l\000a\000t\000i\000o\000n\000\050\000\051}{subsection.6.21.1}% 241
\BOOKMARK [2][-]{subsection.6.21.2}{\376\377\0006\000.\0002\0001\000.\0002\000\040\000M\000e\000m\000b\000e\000r\000\040\000F\000u\000n\000c\000t\000i\000o\000n\000\040\000D\000o\000c\000u\000m\000e\000n\000t\000a\000t\000i\000o\000n}{section.6.21}% 242
\BOOKMARK [3][-]{subsubsection.6.21.2.1}{\376\377\0006\000.\0002\0001\000.\0002\000.\0001\000\040\000r\000u\000n\000\137\000r\000e\000p\000s\000\050\000\051}{subsection.6.21.2}% 243
\BOOKMARK [3][-]{subsubsection.6.21.2.2}{\376\377\0006\000.\0002\0001\000.\0002\000.\0002\000\040\000s\000e\000t\000\137\000b\000o\000u\000n\000d\000a\000r\000y\000\137\000t\000y\000p\000e\000\050\000\051}{subsection.6.21.2}% 244
\BOOKMARK [3][-]{subsubsection.6.21.2.3}{\376\377\0006\000.\0002\0001\000.\0002\000.\0003\000\040\000s\000e\000t\000\137\000c\000o\000o\000r\000d\000s\000\050\000\051}{subsection.6.21.2}% 245
\BOOKMARK [3][-]{subsubsection.6.21.2.4}{\376\377\0006\000.\0002\0001\000.\0002\000.\0004\000\040\000s\000e\000t\000\137\000d\000i\000s\000p\000e\000r\000s\000a\000l\000\137\000t\000y\000p\000e\000\050\000\051}{subsection.6.21.2}% 246
\BOOKMARK [3][-]{subsubsection.6.21.2.5}{\376\377\0006\000.\0002\0001\000.\0002\000.\0005\000\040\000s\000e\000t\000\137\000i\000n\000h\000e\000r\000i\000t\000a\000n\000c\000e\000\050\000\051}{subsection.6.21.2}% 247
\BOOKMARK [2][-]{subsection.6.21.3}{\376\377\0006\000.\0002\0001\000.\0003\000\040\000M\000e\000m\000b\000e\000r\000\040\000D\000a\000t\000a\000\040\000D\000o\000c\000u\000m\000e\000n\000t\000a\000t\000i\000o\000n}{section.6.21}% 248
\BOOKMARK [3][-]{subsubsection.6.21.3.1}{\376\377\0006\000.\0002\0001\000.\0003\000.\0001\000\040\000a\000e\000s\000\137\000p\000a\000r\000a\000m\000s}{subsection.6.21.3}% 249
\BOOKMARK [3][-]{subsubsection.6.21.3.2}{\376\377\0006\000.\0002\0001\000.\0003\000.\0002\000\040\000a\000r\000e\000a\000\137\000p\000a\000r\000a\000m\000s}{subsection.6.21.3}% 250
\BOOKMARK [3][-]{subsubsection.6.21.3.3}{\376\377\0006\000.\0002\0001\000.\0003\000.\0003\000\040\000b\000o\000u\000n\000d\000a\000r\000y\000\137\000t\000y\000p\000e}{subsection.6.21.3}% 251
\BOOKMARK [3][-]{subsubsection.6.21.3.4}{\376\377\0006\000.\0002\0001\000.\0003\000.\0004\000\040\000d\000i\000s\000p\000\137\000p\000a\000r\000a\000m\000s}{subsection.6.21.3}% 252
\BOOKMARK [3][-]{subsubsection.6.21.3.5}{\376\377\0006\000.\0002\0001\000.\0003\000.\0005\000\040\000d\000i\000s\000p\000\137\000t\000y\000p\000e}{subsection.6.21.3}% 253
\BOOKMARK [3][-]{subsubsection.6.21.3.6}{\376\377\0006\000.\0002\0001\000.\0003\000.\0006\000\040\000i\000n\000h\000e\000r\000\137\000f\000r\000a\000c\000t\000i\000o\000n}{subsection.6.21.3}% 254
\BOOKMARK [3][-]{subsubsection.6.21.3.7}{\376\377\0006\000.\0002\0001\000.\0003\000.\0007\000\040\000i\000n\000i\000t\000i\000a\000l\000\137\000p\000a\000r\000a\000m\000s}{subsection.6.21.3}% 255
\BOOKMARK [3][-]{subsubsection.6.21.3.8}{\376\377\0006\000.\0002\0001\000.\0003\000.\0008\000\040\000l\000i\000f\000e\000\137\000p\000a\000r\000a\000m\000s}{subsection.6.21.3}% 256
\BOOKMARK [3][-]{subsubsection.6.21.3.9}{\376\377\0006\000.\0002\0001\000.\0003\000.\0009\000\040\000m\000a\000x\000\137\000t}{subsection.6.21.3}% 257
\BOOKMARK [3][-]{subsubsection.6.21.3.10}{\376\377\0006\000.\0002\0001\000.\0003\000.\0001\0000\000\040\000n\000u\000m\000\137\000r\000u\000n\000s}{subsection.6.21.3}% 258
\BOOKMARK [3][-]{subsubsection.6.21.3.11}{\376\377\0006\000.\0002\0001\000.\0003\000.\0001\0001\000\040\000r\000e\000c\000\137\000p\000a\000r\000a\000m\000s}{subsection.6.21.3}% 259
\BOOKMARK [3][-]{subsubsection.6.21.3.12}{\376\377\0006\000.\0002\0001\000.\0003\000.\0001\0002\000\040\000r\000e\000l\000\137\000p\000a\000r\000a\000m\000s}{subsection.6.21.3}% 260
\BOOKMARK [3][-]{subsubsection.6.21.3.13}{\376\377\0006\000.\0002\0001\000.\0003\000.\0001\0003\000\040\000s\000i\000t\000e\000s\000\137\000c\000o\000o\000r\000d\000s}{subsection.6.21.3}% 261
\BOOKMARK [1][-]{section.6.22}{\376\377\0006\000.\0002\0002\000\040\000T\000o\000r\000o\000i\000d\000a\000l\000B\000o\000u\000n\000d\000a\000r\000y\000S\000t\000r\000a\000t\000e\000g\000y\000\040\000C\000l\000a\000s\000s\000\040\000R\000e\000f\000e\000r\000e\000n\000c\000e}{chapter.6}% 262
\BOOKMARK [2][-]{subsection.6.22.1}{\376\377\0006\000.\0002\0002\000.\0001\000\040\000C\000o\000n\000s\000t\000r\000u\000c\000t\000o\000r\000\040\000\046\000\040\000D\000e\000s\000t\000r\000u\000c\000t\000o\000r\000\040\000D\000o\000c\000u\000m\000e\000n\000t\000a\000t\000i\000o\000n}{section.6.22}% 263
\BOOKMARK [3][-]{subsubsection.6.22.1.1}{\376\377\0006\000.\0002\0002\000.\0001\000.\0001\000\040\000T\000o\000r\000o\000i\000d\000a\000l\000B\000o\000u\000n\000d\000a\000r\000y\000S\000t\000r\000a\000t\000e\000g\000y\000\050\000\051}{subsection.6.22.1}% 264
\BOOKMARK [2][-]{subsection.6.22.2}{\376\377\0006\000.\0002\0002\000.\0002\000\040\000M\000e\000m\000b\000e\000r\000\040\000F\000u\000n\000c\000t\000i\000o\000n\000\040\000D\000o\000c\000u\000m\000e\000n\000t\000a\000t\000i\000o\000n}{section.6.22}% 265
\BOOKMARK [3][-]{subsubsection.6.22.2.1}{\376\377\0006\000.\0002\0002\000.\0002\000.\0001\000\040\000d\000i\000s\000t\000a\000n\000c\000e\000\050\000\051}{subsection.6.22.2}% 266
\BOOKMARK [0][-]{chapter.7}{\376\377\0007\000\040\000F\000i\000l\000e\000\040\000D\000o\000c\000u\000m\000e\000n\000t\000a\000t\000i\000o\000n}{}% 267
\BOOKMARK [1][-]{section.7.1}{\376\377\0007\000.\0001\000\040\000A\000e\000s\000t\000i\000v\000a\000t\000i\000o\000n\000.\000c\000p\000p\000\040\000F\000i\000l\000e\000\040\000R\000e\000f\000e\000r\000e\000n\000c\000e}{chapter.7}% 268
\BOOKMARK [1][-]{section.7.2}{\376\377\0007\000.\0002\000\040\000A\000e\000s\000t\000i\000v\000a\000t\000i\000o\000n\000.\000h\000\040\000F\000i\000l\000e\000\040\000R\000e\000f\000e\000r\000e\000n\000c\000e}{chapter.7}% 269
\BOOKMARK [1][-]{section.7.3}{\376\377\0007\000.\0003\000\040\000A\000e\000s\000t\000i\000v\000a\000t\000i\000o\000n\000.\000h}{chapter.7}% 270
\BOOKMARK [1][-]{section.7.4}{\376\377\0007\000.\0004\000\040\000B\000o\000u\000n\000d\000a\000r\000y\000S\000t\000r\000a\000t\000e\000g\000y\000.\000c\000p\000p\000\040\000F\000i\000l\000e\000\040\000R\000e\000f\000e\000r\000e\000n\000c\000e}{chapter.7}% 271
\BOOKMARK [1][-]{section.7.5}{\376\377\0007\000.\0005\000\040\000B\000o\000u\000n\000d\000a\000r\000y\000S\000t\000r\000a\000t\000e\000g\000y\000.\000h\000\040\000F\000i\000l\000e\000\040\000R\000e\000f\000e\000r\000e\000n\000c\000e}{chapter.7}% 272
\BOOKMARK [1][-]{section.7.6}{\376\377\0007\000.\0006\000\040\000B\000o\000u\000n\000d\000a\000r\000y\000S\000t\000r\000a\000t\000e\000g\000y\000.\000h}{chapter.7}% 273
\BOOKMARK [1][-]{section.7.7}{\376\377\0007\000.\0007\000\040\000c\000o\000n\000s\000t\000a\000n\000t\000s\000.\000h\000\040\000F\000i\000l\000e\000\040\000R\000e\000f\000e\000r\000e\000n\000c\000e}{chapter.7}% 274
\BOOKMARK [2][-]{subsection.7.7.1}{\376\377\0007\000.\0007\000.\0001\000\040\000E\000n\000u\000m\000e\000r\000a\000t\000i\000o\000n\000\040\000T\000y\000p\000e\000\040\000D\000o\000c\000u\000m\000e\000n\000t\000a\000t\000i\000o\000n}{section.7.7}% 275
\BOOKMARK [3][-]{subsubsection.7.7.1.1}{\376\377\0007\000.\0007\000.\0001\000.\0001\000\040\000B\000o\000u\000n\000d\000a\000r\000y\000T\000y\000p\000e}{subsection.7.7.1}% 276
\BOOKMARK [3][-]{subsubsection.7.7.1.2}{\376\377\0007\000.\0007\000.\0001\000.\0002\000\040\000D\000i\000s\000p\000e\000r\000s\000a\000l\000T\000y\000p\000e}{subsection.7.7.1}% 277
\BOOKMARK [1][-]{section.7.8}{\376\377\0007\000.\0008\000\040\000c\000o\000n\000s\000t\000a\000n\000t\000s\000.\000h}{chapter.7}% 278
\BOOKMARK [1][-]{section.7.9}{\376\377\0007\000.\0009\000\040\000D\000i\000s\000p\000e\000r\000s\000a\000l\000.\000c\000p\000p\000\040\000F\000i\000l\000e\000\040\000R\000e\000f\000e\000r\000e\000n\000c\000e}{chapter.7}% 279
\BOOKMARK [2][-]{subsection.7.9.1}{\376\377\0007\000.\0009\000.\0001\000\040\000V\000a\000r\000i\000a\000b\000l\000e\000\040\000D\000o\000c\000u\000m\000e\000n\000t\000a\000t\000i\000o\000n}{section.7.9}% 280
\BOOKMARK [3][-]{subsubsection.7.9.1.1}{\376\377\0007\000.\0009\000.\0001\000.\0001\000\040\000P\000I}{subsection.7.9.1}% 281
\BOOKMARK [3][-]{subsubsection.7.9.1.2}{\376\377\0007\000.\0009\000.\0001\000.\0002\000\040\000T\000W\000O\000P\000I}{subsection.7.9.1}% 282
\BOOKMARK [1][-]{section.7.10}{\376\377\0007\000.\0001\0000\000\040\000D\000i\000s\000p\000e\000r\000s\000a\000l\000.\000h\000\040\000F\000i\000l\000e\000\040\000R\000e\000f\000e\000r\000e\000n\000c\000e}{chapter.7}% 283
\BOOKMARK [1][-]{section.7.11}{\376\377\0007\000.\0001\0001\000\040\000D\000i\000s\000p\000e\000r\000s\000a\000l\000.\000h}{chapter.7}% 284
\BOOKMARK [1][-]{section.7.12}{\376\377\0007\000.\0001\0002\000\040\000G\000D\000R\000e\000l\000e\000a\000s\000e\000.\000c\000p\000p\000\040\000F\000i\000l\000e\000\040\000R\000e\000f\000e\000r\000e\000n\000c\000e}{chapter.7}% 285
\BOOKMARK [1][-]{section.7.13}{\376\377\0007\000.\0001\0003\000\040\000G\000D\000R\000e\000l\000e\000a\000s\000e\000.\000h\000\040\000F\000i\000l\000e\000\040\000R\000e\000f\000e\000r\000e\000n\000c\000e}{chapter.7}% 286
\BOOKMARK [1][-]{section.7.14}{\376\377\0007\000.\0001\0004\000\040\000G\000D\000R\000e\000l\000e\000a\000s\000e\000.\000h}{chapter.7}% 287
\BOOKMARK [1][-]{section.7.15}{\376\377\0007\000.\0001\0005\000\040\000i\000n\000p\000u\000t\000.\000h\000\040\000F\000i\000l\000e\000\040\000R\000e\000f\000e\000r\000e\000n\000c\000e}{chapter.7}% 288
\BOOKMARK [2][-]{subsection.7.15.1}{\376\377\0007\000.\0001\0005\000.\0001\000\040\000F\000u\000n\000c\000t\000i\000o\000n\000\040\000D\000o\000c\000u\000m\000e\000n\000t\000a\000t\000i\000o\000n}{section.7.15}% 289
\BOOKMARK [3][-]{subsubsection.7.15.1.1}{\376\377\0007\000.\0001\0005\000.\0001\000.\0001\000\040\000c\000h\000e\000c\000k\000\137\000b\000o\000u\000n\000d\000s\000\050\000\051}{subsection.7.15.1}% 290
\BOOKMARK [3][-]{subsubsection.7.15.1.2}{\376\377\0007\000.\0001\0005\000.\0001\000.\0002\000\040\000r\000e\000a\000d\000\137\000a\000n\000d\000\137\000v\000a\000l\000i\000d\000a\000t\000e\000\137\000t\000y\000p\000e\000\050\000\051\000\040\000[\0001\000/\0002\000]}{subsection.7.15.1}% 291
\BOOKMARK [3][-]{subsubsection.7.15.1.3}{\376\377\0007\000.\0001\0005\000.\0001\000.\0003\000\040\000r\000e\000a\000d\000\137\000a\000n\000d\000\137\000v\000a\000l\000i\000d\000a\000t\000e\000\137\000t\000y\000p\000e\000\050\000\051\000\040\000[\0002\000/\0002\000]}{subsection.7.15.1}% 292
\BOOKMARK [1][-]{section.7.16}{\376\377\0007\000.\0001\0006\000\040\000i\000n\000p\000u\000t\000.\000h}{chapter.7}% 293
\BOOKMARK [1][-]{section.7.17}{\376\377\0007\000.\0001\0007\000\040\000m\000a\000i\000n\000.\000c\000p\000p\000\040\000F\000i\000l\000e\000\040\000R\000e\000f\000e\000r\000e\000n\000c\000e}{chapter.7}% 294
\BOOKMARK [2][-]{subsection.7.17.1}{\376\377\0007\000.\0001\0007\000.\0001\000\040\000F\000u\000n\000c\000t\000i\000o\000n\000\040\000D\000o\000c\000u\000m\000e\000n\000t\000a\000t\000i\000o\000n}{section.7.17}% 295
\BOOKMARK [3][-]{subsubsection.7.17.1.1}{\376\377\0007\000.\0001\0007\000.\0001\000.\0001\000\040\000m\000a\000i\000n\000\050\000\051}{subsection.7.17.1}% 296
\BOOKMARK [1][-]{section.7.18}{\376\377\0007\000.\0001\0008\000\040\000M\000o\000d\000e\000l\000.\000c\000p\000p\000\040\000F\000i\000l\000e\000\040\000R\000e\000f\000e\000r\000e\000n\000c\000e}{chapter.7}% 297
\BOOKMARK [1][-]{section.7.19}{\376\377\0007\000.\0001\0009\000\040\000M\000o\000d\000e\000l\000.\000h\000\040\000F\000i\000l\000e\000\040\000R\000e\000f\000e\000r\000e\000n\000c\000e}{chapter.7}% 298
\BOOKMARK [1][-]{section.7.20}{\376\377\0007\000.\0002\0000\000\040\000M\000o\000d\000e\000l\000.\000h}{chapter.7}% 299
\BOOKMARK [1][-]{section.7.21}{\376\377\0007\000.\0002\0001\000\040\000P\000a\000r\000a\000m\000s\000.\000h\000\040\000F\000i\000l\000e\000\040\000R\000e\000f\000e\000r\000e\000n\000c\000e}{chapter.7}% 300
\BOOKMARK [1][-]{section.7.22}{\376\377\0007\000.\0002\0002\000\040\000P\000a\000r\000a\000m\000s\000.\000h}{chapter.7}% 301
\BOOKMARK [1][-]{section.7.23}{\376\377\0007\000.\0002\0003\000\040\000P\000a\000t\000c\000h\000.\000c\000p\000p\000\040\000F\000i\000l\000e\000\040\000R\000e\000f\000e\000r\000e\000n\000c\000e}{chapter.7}% 302
\BOOKMARK [1][-]{section.7.24}{\376\377\0007\000.\0002\0004\000\040\000P\000a\000t\000c\000h\000.\000h\000\040\000F\000i\000l\000e\000\040\000R\000e\000f\000e\000r\000e\000n\000c\000e}{chapter.7}% 303
\BOOKMARK [1][-]{section.7.25}{\376\377\0007\000.\0002\0005\000\040\000P\000a\000t\000c\000h\000.\000h}{chapter.7}% 304
\BOOKMARK [1][-]{section.7.26}{\376\377\0007\000.\0002\0006\000\040\000P\000o\000i\000n\000t\000.\000h\000\040\000F\000i\000l\000e\000\040\000R\000e\000f\000e\000r\000e\000n\000c\000e}{chapter.7}% 305
\BOOKMARK [1][-]{section.7.27}{\376\377\0007\000.\0002\0007\000\040\000P\000o\000i\000n\000t\000.\000h}{chapter.7}% 306
\BOOKMARK [1][-]{section.7.28}{\376\377\0007\000.\0002\0008\000\040\000r\000a\000n\000d\000o\000m\000.\000c\000p\000p\000\040\000F\000i\000l\000e\000\040\000R\000e\000f\000e\000r\000e\000n\000c\000e}{chapter.7}% 307
\BOOKMARK [2][-]{subsection.7.28.1}{\376\377\0007\000.\0002\0008\000.\0001\000\040\000F\000u\000n\000c\000t\000i\000o\000n\000\040\000D\000o\000c\000u\000m\000e\000n\000t\000a\000t\000i\000o\000n}{section.7.28}% 308
\BOOKMARK [3][-]{subsubsection.7.28.1.1}{\376\377\0007\000.\0002\0008\000.\0001\000.\0001\000\040\000r\000a\000n\000d\000o\000m\000\137\000b\000i\000n\000o\000m\000i\000a\000l\000\050\000\051}{subsection.7.28.1}% 309
\BOOKMARK [3][-]{subsubsection.7.28.1.2}{\376\377\0007\000.\0002\0008\000.\0001\000.\0002\000\040\000r\000a\000n\000d\000o\000m\000\137\000d\000i\000s\000c\000r\000e\000t\000e\000\050\000\051}{subsection.7.28.1}% 310
\BOOKMARK [3][-]{subsubsection.7.28.1.3}{\376\377\0007\000.\0002\0008\000.\0001\000.\0003\000\040\000r\000a\000n\000d\000o\000m\000\137\000m\000u\000l\000t\000i\000n\000o\000m\000i\000a\000l\000\050\000\051\000\040\000[\0001\000/\0003\000]}{subsection.7.28.1}% 311
\BOOKMARK [3][-]{subsubsection.7.28.1.4}{\376\377\0007\000.\0002\0008\000.\0001\000.\0004\000\040\000r\000a\000n\000d\000o\000m\000\137\000m\000u\000l\000t\000i\000n\000o\000m\000i\000a\000l\000\050\000\051\000\040\000[\0002\000/\0003\000]}{subsection.7.28.1}% 312
\BOOKMARK [3][-]{subsubsection.7.28.1.5}{\376\377\0007\000.\0002\0008\000.\0001\000.\0005\000\040\000r\000a\000n\000d\000o\000m\000\137\000m\000u\000l\000t\000i\000n\000o\000m\000i\000a\000l\000\050\000\051\000\040\000[\0003\000/\0003\000]}{subsection.7.28.1}% 313
\BOOKMARK [3][-]{subsubsection.7.28.1.6}{\376\377\0007\000.\0002\0008\000.\0001\000.\0006\000\040\000r\000a\000n\000d\000o\000m\000\137\000p\000o\000i\000s\000s\000o\000n\000\050\000\051}{subsection.7.28.1}% 314
\BOOKMARK [3][-]{subsubsection.7.28.1.7}{\376\377\0007\000.\0002\0008\000.\0001\000.\0007\000\040\000r\000a\000n\000d\000o\000m\000\137\000r\000e\000a\000l\000\050\000\051}{subsection.7.28.1}% 315
\BOOKMARK [3][-]{subsubsection.7.28.1.8}{\376\377\0007\000.\0002\0008\000.\0001\000.\0008\000\040\000t\000w\000i\000s\000t\000e\000r\000\050\000\051}{subsection.7.28.1}% 316
\BOOKMARK [2][-]{subsection.7.28.2}{\376\377\0007\000.\0002\0008\000.\0002\000\040\000V\000a\000r\000i\000a\000b\000l\000e\000\040\000D\000o\000c\000u\000m\000e\000n\000t\000a\000t\000i\000o\000n}{section.7.28}% 317
\BOOKMARK [3][-]{subsubsection.7.28.2.1}{\376\377\0007\000.\0002\0008\000.\0002\000.\0001\000\040\000r\000d}{subsection.7.28.2}% 318
\BOOKMARK [1][-]{section.7.29}{\376\377\0007\000.\0002\0009\000\040\000r\000a\000n\000d\000o\000m\000.\000h\000\040\000F\000i\000l\000e\000\040\000R\000e\000f\000e\000r\000e\000n\000c\000e}{chapter.7}% 319
\BOOKMARK [2][-]{subsection.7.29.1}{\376\377\0007\000.\0002\0009\000.\0001\000\040\000F\000u\000n\000c\000t\000i\000o\000n\000\040\000D\000o\000c\000u\000m\000e\000n\000t\000a\000t\000i\000o\000n}{section.7.29}% 320
\BOOKMARK [3][-]{subsubsection.7.29.1.1}{\376\377\0007\000.\0002\0009\000.\0001\000.\0001\000\040\000r\000a\000n\000d\000o\000m\000\137\000b\000i\000n\000o\000m\000i\000a\000l\000\050\000\051}{subsection.7.29.1}% 321
\BOOKMARK [3][-]{subsubsection.7.29.1.2}{\376\377\0007\000.\0002\0009\000.\0001\000.\0002\000\040\000r\000a\000n\000d\000o\000m\000\137\000d\000i\000s\000c\000r\000e\000t\000e\000\050\000\051}{subsection.7.29.1}% 322
\BOOKMARK [3][-]{subsubsection.7.29.1.3}{\376\377\0007\000.\0002\0009\000.\0001\000.\0003\000\040\000r\000a\000n\000d\000o\000m\000\137\000m\000u\000l\000t\000i\000n\000o\000m\000i\000a\000l\000\050\000\051\000\040\000[\0001\000/\0003\000]}{subsection.7.29.1}% 323
\BOOKMARK [3][-]{subsubsection.7.29.1.4}{\376\377\0007\000.\0002\0009\000.\0001\000.\0004\000\040\000r\000a\000n\000d\000o\000m\000\137\000m\000u\000l\000t\000i\000n\000o\000m\000i\000a\000l\000\050\000\051\000\040\000[\0002\000/\0003\000]}{subsection.7.29.1}% 324
\BOOKMARK [3][-]{subsubsection.7.29.1.5}{\376\377\0007\000.\0002\0009\000.\0001\000.\0005\000\040\000r\000a\000n\000d\000o\000m\000\137\000m\000u\000l\000t\000i\000n\000o\000m\000i\000a\000l\000\050\000\051\000\040\000[\0003\000/\0003\000]}{subsection.7.29.1}% 325
\BOOKMARK [3][-]{subsubsection.7.29.1.6}{\376\377\0007\000.\0002\0009\000.\0001\000.\0006\000\040\000r\000a\000n\000d\000o\000m\000\137\000p\000o\000i\000s\000s\000o\000n\000\050\000\051}{subsection.7.29.1}% 326
\BOOKMARK [3][-]{subsubsection.7.29.1.7}{\376\377\0007\000.\0002\0009\000.\0001\000.\0007\000\040\000r\000a\000n\000d\000o\000m\000\137\000r\000e\000a\000l\000\050\000\051}{subsection.7.29.1}% 327
\BOOKMARK [1][-]{section.7.30}{\376\377\0007\000.\0003\0000\000\040\000r\000a\000n\000d\000o\000m\000.\000h}{chapter.7}% 328
\BOOKMARK [1][-]{section.7.31}{\376\377\0007\000.\0003\0001\000\040\000R\000e\000c\000o\000r\000d\000.\000c\000p\000p\000\040\000F\000i\000l\000e\000\040\000R\000e\000f\000e\000r\000e\000n\000c\000e}{chapter.7}% 329
\BOOKMARK [1][-]{section.7.32}{\376\377\0007\000.\0003\0002\000\040\000R\000e\000c\000o\000r\000d\000.\000h\000\040\000F\000i\000l\000e\000\040\000R\000e\000f\000e\000r\000e\000n\000c\000e}{chapter.7}% 330
\BOOKMARK [1][-]{section.7.33}{\376\377\0007\000.\0003\0003\000\040\000R\000e\000c\000o\000r\000d\000.\000h}{chapter.7}% 331
\BOOKMARK [1][-]{section.7.34}{\376\377\0007\000.\0003\0004\000\040\000S\000i\000m\000u\000l\000a\000t\000i\000o\000n\000.\000c\000p\000p\000\040\000F\000i\000l\000e\000\040\000R\000e\000f\000e\000r\000e\000n\000c\000e}{chapter.7}% 332
\BOOKMARK [2][-]{subsection.7.34.1}{\376\377\0007\000.\0003\0004\000.\0001\000\040\000F\000u\000n\000c\000t\000i\000o\000n\000\040\000D\000o\000c\000u\000m\000e\000n\000t\000a\000t\000i\000o\000n}{section.7.34}% 333
\BOOKMARK [3][-]{subsubsection.7.34.1.1}{\376\377\0007\000.\0003\0004\000.\0001\000.\0001\000\040\000i\000n\000v\000a\000l\000i\000d\000\137\000i\000n\000t\000e\000r\000v\000a\000l\000\137\000m\000s\000g\000\050\000\051}{subsection.7.34.1}% 334
\BOOKMARK [3][-]{subsubsection.7.34.1.2}{\376\377\0007\000.\0003\0004\000.\0001\000.\0002\000\040\000o\000u\000t\000\137\000o\000f\000\137\000b\000o\000u\000n\000d\000s\000\137\000m\000s\000g\000\050\000\051}{subsection.7.34.1}% 335
\BOOKMARK [1][-]{section.7.35}{\376\377\0007\000.\0003\0005\000\040\000S\000i\000m\000u\000l\000a\000t\000i\000o\000n\000.\000h\000\040\000F\000i\000l\000e\000\040\000R\000e\000f\000e\000r\000e\000n\000c\000e}{chapter.7}% 336
\BOOKMARK [2][-]{subsection.7.35.1}{\376\377\0007\000.\0003\0005\000.\0001\000\040\000F\000u\000n\000c\000t\000i\000o\000n\000\040\000D\000o\000c\000u\000m\000e\000n\000t\000a\000t\000i\000o\000n}{section.7.35}% 337
\BOOKMARK [3][-]{subsubsection.7.35.1.1}{\376\377\0007\000.\0003\0005\000.\0001\000.\0001\000\040\000i\000n\000v\000a\000l\000i\000d\000\137\000i\000n\000t\000e\000r\000v\000a\000l\000\137\000m\000s\000g\000\050\000\051}{subsection.7.35.1}% 338
\BOOKMARK [3][-]{subsubsection.7.35.1.2}{\376\377\0007\000.\0003\0005\000.\0001\000.\0002\000\040\000o\000u\000t\000\137\000o\000f\000\137\000b\000o\000u\000n\000d\000s\000\137\000m\000s\000g\000\050\000\051}{subsection.7.35.1}% 339
\BOOKMARK [1][-]{section.7.36}{\376\377\0007\000.\0003\0006\000\040\000S\000i\000m\000u\000l\000a\000t\000i\000o\000n\000.\000h}{chapter.7}% 340
\BOOKMARK [0][-]{section*.246}{\376\377\000I\000n\000d\000e\000x}{}% 341
